# Logfile created on 2014-07-24 15:20:28 +0200 by logger.rb/41954
I, [2014-07-24T15:20:30.506902 #10991]  INFO -- : Nothing to do.
I, [2014-07-24T17:32:17.558888 #11545]  INFO -- : Nothing to do.
I, [2014-07-24T18:16:55.586754 #11956]  INFO -- : Nothing to do.
I, [2014-07-24T18:28:23.843554 #12408]  INFO -- : Nothing to do.
I, [2014-07-24T18:30:14.362751 #12429]  INFO -- : Nothing to do.
I, [2014-07-24T18:40:29.242000 #13261]  INFO -- : Nothing to do.
I, [2014-07-24T18:41:03.816524 #13268]  INFO -- : Nothing to do.
I, [2014-07-24T18:41:20.434193 #13281]  INFO -- : Nothing to do.
I, [2014-07-24T20:55:23.366330 #14659]  INFO -- : Nothing to do.
I, [2014-07-24T22:06:04.167503 #2323]  INFO -- : Nothing to do.
I, [2014-07-24T23:00:04.216214 #2434]  INFO -- : Nothing to do.
I, [2014-07-25T23:00:04.808310 #7969]  INFO -- : Nothing to do.
I, [2014-07-26T23:00:05.522494 #10887]  INFO -- : Nothing to do.
I, [2014-07-27T23:00:03.742922 #13830]  INFO -- : Nothing to do.
I, [2014-07-28T23:00:04.203236 #18327]  INFO -- : Nothing to do.
I, [2014-07-29T23:00:04.237889 #25672]  INFO -- : Nothing to do.
I, [2014-07-30T23:00:04.653111 #28154]  INFO -- : Nothing to do.
I, [2014-07-31T23:00:03.593863 #1217]  INFO -- : Nothing to do.
I, [2014-08-01T23:00:04.301230 #4796]  INFO -- : Nothing to do.
I, [2014-08-02T23:00:03.705465 #8676]  INFO -- : Nothing to do.
I, [2014-08-03T23:00:03.507738 #14590]  INFO -- : Nothing to do.
I, [2014-08-04T23:00:04.436129 #17495]  INFO -- : Nothing to do.
I, [2014-08-05T23:00:04.084051 #23213]  INFO -- : Nothing to do.
I, [2014-08-06T23:00:04.253579 #30655]  INFO -- : Nothing to do.
I, [2014-08-07T23:00:03.631471 #4929]  INFO -- : Nothing to do.
I, [2014-08-08T23:00:03.768305 #16539]  INFO -- : Nothing to do.
I, [2014-08-09T23:00:02.773579 #20740]  INFO -- : Nothing to do.
I, [2014-08-10T23:00:02.401775 #26215]  INFO -- : Nothing to do.
I, [2014-08-11T23:00:03.108662 #30171]  INFO -- : Nothing to do.
I, [2014-08-12T23:00:03.982891 #15734]  INFO -- : Nothing to do.
I, [2014-08-13T23:00:04.088094 #18992]  INFO -- : Nothing to do.
I, [2014-08-14T23:00:04.121578 #3342]  INFO -- : Nothing to do.
I, [2014-08-15T23:00:04.341293 #9272]  INFO -- : Nothing to do.
I, [2014-08-16T23:00:03.737220 #14871]  INFO -- : Nothing to do.
I, [2014-08-17T23:00:03.431563 #19401]  INFO -- : Nothing to do.
I, [2014-08-18T07:56:16.048617 #20631]  INFO -- : Nothing to do.
I, [2014-08-18T23:00:03.120284 #24547]  INFO -- : About to process 16 dates
I, [2014-08-18T23:00:03.120640 #24547]  INFO -- : First: 2003-10-01
I, [2014-08-18T23:00:03.120717 #24547]  INFO -- : Last:  2014-08-17
I, [2014-08-18T23:00:03.120801 #24547]  INFO -- : Left with 16 dates
I, [2014-08-19T23:00:04.508858 #27680]  INFO -- : About to process 16 dates
I, [2014-08-19T23:00:04.509675 #27680]  INFO -- : First: 2003-10-01
I, [2014-08-19T23:00:04.509777 #27680]  INFO -- : Last:  2014-08-17
I, [2014-08-19T23:00:04.509850 #27680]  INFO -- : Left with 16 dates
I, [2014-08-20T21:10:23.029814 #30979]  INFO -- : About to process 5 dates
I, [2014-08-20T21:10:23.030438 #30979]  INFO -- : First: 2014-07-29
I, [2014-08-20T21:10:23.030491 #30979]  INFO -- : Last:  2014-08-20
I, [2014-08-20T21:10:23.030542 #30979]  INFO -- : Left with 5 dates
I, [2014-08-20T23:00:03.141733 #31353]  INFO -- : Nothing to do.
I, [2014-08-21T23:00:03.607213 #6620]  INFO -- : About to process 2 dates
I, [2014-08-21T23:00:03.607970 #6620]  INFO -- : First: 2014-08-20
I, [2014-08-21T23:00:03.608030 #6620]  INFO -- : Last:  2014-08-21
I, [2014-08-21T23:00:03.608066 #6620]  INFO -- : Left with 2 dates
I, [2014-08-22T23:00:04.457241 #12980]  INFO -- : About to process 2 dates
I, [2014-08-22T23:00:04.458175 #12980]  INFO -- : First: 2014-08-20
I, [2014-08-22T23:00:04.458268 #12980]  INFO -- : Last:  2014-08-21
I, [2014-08-22T23:00:04.458332 #12980]  INFO -- : Left with 2 dates
I, [2014-08-23T23:00:03.458063 #18917]  INFO -- : About to process 2 dates
I, [2014-08-23T23:00:03.461626 #18917]  INFO -- : First: 2014-08-22
I, [2014-08-23T23:00:03.461753 #18917]  INFO -- : Last:  2014-08-23
I, [2014-08-23T23:00:03.461810 #18917]  INFO -- : Left with 2 dates
I, [2014-08-24T23:00:03.782352 #22545]  INFO -- : Nothing to do.
I, [2014-08-25T23:00:03.190439 #28101]  INFO -- : Nothing to do.
I, [2014-08-26T23:00:03.948562 #10371]  INFO -- : About to process 2 dates
I, [2014-08-26T23:00:03.950899 #10371]  INFO -- : First: 2014-08-01
I, [2014-08-26T23:00:03.951060 #10371]  INFO -- : Last:  2014-08-25
I, [2014-08-26T23:00:03.951176 #10371]  INFO -- : Left with 2 dates
I, [2014-08-27T23:00:04.166840 #13471]  INFO -- : About to process 1 dates
I, [2014-08-27T23:00:04.168436 #13471]  INFO -- : First: 2014-08-26
I, [2014-08-27T23:00:04.168523 #13471]  INFO -- : Last:  2014-08-26
I, [2014-08-27T23:00:04.168596 #13471]  INFO -- : Left with 1 dates
I, [2014-08-28T23:00:03.786895 #16218]  INFO -- : About to process 1 dates
I, [2014-08-28T23:00:03.788250 #16218]  INFO -- : First: 2014-08-27
I, [2014-08-28T23:00:03.788347 #16218]  INFO -- : Last:  2014-08-27
I, [2014-08-28T23:00:03.788417 #16218]  INFO -- : Left with 1 dates
I, [2014-08-29T23:00:04.456701 #1927]  INFO -- : About to process 1 dates
I, [2014-08-29T23:00:04.458280 #1927]  INFO -- : First: 2014-08-28
I, [2014-08-29T23:00:04.458387 #1927]  INFO -- : Last:  2014-08-28
I, [2014-08-29T23:00:04.458458 #1927]  INFO -- : Left with 1 dates
I, [2014-08-30T23:00:03.680725 #11877]  INFO -- : About to process 2 dates
I, [2014-08-30T23:00:03.683417 #11877]  INFO -- : First: 2014-08-28
I, [2014-08-30T23:00:03.683540 #11877]  INFO -- : Last:  2014-08-29
I, [2014-08-30T23:00:03.683599 #11877]  INFO -- : Left with 2 dates
I, [2014-08-31T23:00:03.648541 #21939]  INFO -- : Nothing to do.
I, [2014-09-01T23:00:04.002897 #28813]  INFO -- : Nothing to do.
I, [2014-09-02T23:00:03.261373 #32717]  INFO -- : About to process 2 dates
I, [2014-09-02T23:00:03.261588 #32717]  INFO -- : First: 2014-08-28
I, [2014-09-02T23:00:03.261634 #32717]  INFO -- : Last:  2014-09-01
I, [2014-09-02T23:00:03.261676 #32717]  INFO -- : Left with 2 dates
I, [2014-09-03T23:00:04.526916 #5723]  INFO -- : About to process 2 dates
I, [2014-09-03T23:00:04.528310 #5723]  INFO -- : First: 2005-01-01
I, [2014-09-03T23:00:04.528415 #5723]  INFO -- : Last:  2014-09-02
I, [2014-09-03T23:00:04.528526 #5723]  INFO -- : Left with 2 dates
I, [2014-09-04T23:00:03.716135 #11190]  INFO -- : About to process 1 dates
I, [2014-09-04T23:00:03.717443 #11190]  INFO -- : First: 2014-09-03
I, [2014-09-04T23:00:03.717518 #11190]  INFO -- : Last:  2014-09-03
I, [2014-09-04T23:00:03.717575 #11190]  INFO -- : Left with 1 dates
I, [2014-09-05T23:00:03.868953 #15494]  INFO -- : About to process 1 dates
I, [2014-09-05T23:00:03.874943 #15494]  INFO -- : First: 2014-09-04
I, [2014-09-05T23:00:03.875113 #15494]  INFO -- : Last:  2014-09-04
I, [2014-09-05T23:00:03.875235 #15494]  INFO -- : Left with 1 dates
I, [2014-09-06T23:00:04.480669 #19641]  INFO -- : About to process 2 dates
I, [2014-09-06T23:00:04.483746 #19641]  INFO -- : First: 2014-09-05
I, [2014-09-06T23:00:04.483896 #19641]  INFO -- : Last:  2014-09-06
I, [2014-09-06T23:00:04.483950 #19641]  INFO -- : Left with 2 dates
I, [2014-09-07T23:00:04.139261 #22774]  INFO -- : Nothing to do.
I, [2014-09-08T23:00:03.881104 #27134]  INFO -- : Nothing to do.
I, [2014-09-09T23:00:02.956151 #30160]  INFO -- : About to process 2 dates
I, [2014-09-09T23:00:02.956456 #30160]  INFO -- : First: 2005-12-31
I, [2014-09-09T23:00:02.956540 #30160]  INFO -- : Last:  2014-09-08
I, [2014-09-09T23:00:02.956604 #30160]  INFO -- : Left with 2 dates
I, [2014-09-10T23:00:03.996963 #1120]  INFO -- : About to process 1 dates
I, [2014-09-10T23:00:03.999288 #1120]  INFO -- : First: 2014-09-09
I, [2014-09-10T23:00:03.999371 #1120]  INFO -- : Last:  2014-09-09
I, [2014-09-10T23:00:03.999436 #1120]  INFO -- : Left with 1 dates
I, [2014-09-11T23:00:03.482187 #5054]  INFO -- : About to process 2 dates
I, [2014-09-11T23:00:03.484832 #5054]  INFO -- : First: 2014-09-10
I, [2014-09-11T23:00:03.484989 #5054]  INFO -- : Last:  2014-09-11
I, [2014-09-11T23:00:03.485068 #5054]  INFO -- : Left with 2 dates
I, [2014-09-12T23:00:03.591376 #7660]  INFO -- : About to process 4 dates
I, [2014-09-12T23:00:03.592717 #7660]  INFO -- : First: 2014-05-01
I, [2014-09-12T23:00:03.592814 #7660]  INFO -- : Last:  2014-09-12
I, [2014-09-12T23:00:03.592865 #7660]  INFO -- : Left with 4 dates
I, [2014-09-13T23:00:03.951120 #10979]  INFO -- : About to process 2 dates
I, [2014-09-13T23:00:03.952636 #10979]  INFO -- : First: 2014-09-12
I, [2014-09-13T23:00:03.952711 #10979]  INFO -- : Last:  2014-09-13
I, [2014-09-13T23:00:03.952750 #10979]  INFO -- : Left with 2 dates
I, [2014-09-14T23:00:03.062973 #14186]  INFO -- : Nothing to do.
I, [2014-09-15T23:00:03.878668 #17133]  INFO -- : Nothing to do.
I, [2014-09-16T23:00:03.389777 #26574]  INFO -- : About to process 3 dates
I, [2014-09-16T23:00:03.395451 #26574]  INFO -- : First: 2014-08-26
I, [2014-09-16T23:00:03.395538 #26574]  INFO -- : Last:  2014-09-16
I, [2014-09-16T23:00:03.395601 #26574]  INFO -- : Left with 3 dates
I, [2014-09-17T23:00:03.725474 #30378]  INFO -- : Nothing to do.
I, [2014-09-18T23:00:04.799783 #1255]  INFO -- : About to process 3 dates
I, [2014-09-18T23:00:04.817632 #1255]  INFO -- : First: 2013-10-01
I, [2014-09-18T23:00:04.817747 #1255]  INFO -- : Last:  2014-09-17
I, [2014-09-18T23:00:04.817835 #1255]  INFO -- : Left with 3 dates
I, [2014-09-19T23:00:03.364478 #7646]  INFO -- : About to process 2 dates
I, [2014-09-19T23:00:03.365882 #7646]  INFO -- : First: 2014-09-18
I, [2014-09-19T23:00:03.365966 #7646]  INFO -- : Last:  2014-09-19
I, [2014-09-19T23:00:03.366035 #7646]  INFO -- : Left with 2 dates
I, [2014-09-20T23:00:03.366960 #15265]  INFO -- : About to process 1 dates
I, [2014-09-20T23:00:03.369135 #15265]  INFO -- : First: 2014-09-19
I, [2014-09-20T23:00:03.369220 #15265]  INFO -- : Last:  2014-09-19
I, [2014-09-20T23:00:03.369261 #15265]  INFO -- : Left with 1 dates
I, [2014-09-21T23:00:03.778964 #19140]  INFO -- : Nothing to do.
